# JRE version: OpenJDK Runtime Environment Temurin-17.0.5+8 (17.0.5+8) (build 17.0.5+8)
# Java VM: OpenJDK 64-Bit Server VM Temurin-17.0.5+8 (17.0.5+8, mixed mode, tiered, compressed oops, compressed class ptrs, parallel gc, windows-amd64)
GC Precious Log:
 CPUs: 8 total, 8 available
 Memory: 3446M
 Large Page Support: Disabled
 NUMA Support: Disabled
 Compressed Oops: Enabled (32-bit)
 Alignments: Space 512K, Generation 512K, Heap 2M
 Heap Min Capacity: 100M
 Heap Initial Capacity: 100M
 Heap Max Capacity: 1G
 Pre-touch: Disabled
 Parallel Workers: 8
Heap:
 PSYoungGen      total 7168K, used 4349K [0x00000000eab00000, 0x00000000eb500000, 0x0000000100000000)
  eden space 6144K, 54% used [0x00000000eab00000,0x00000000eae41820,0x00000000eb100000)
  from space 1024K, 99% used [0x00000000eb180000,0x00000000eb27de88,0x00000000eb280000)
  to   space 2048K, 0% used [0x00000000eb300000,0x00000000eb300000,0x00000000eb500000)
 ParOldGen       total 139264K, used 138507K [0x00000000c0000000, 0x00000000c8800000, 0x00000000eab00000)
  object space 139264K, 99% used [0x00000000c0000000,0x00000000c8742e88,0x00000000c8800000)
 Metaspace       used 62778K, committed 63808K, reserved 1105920K
  class space    used 6746K, committed 7168K, reserved 1048576K
GC Heap History (20 events):
Event: 27.929 GC heap before
{Heap before GC invocations=93 (full 5):
 PSYoungGen      total 7680K, used 7289K [0x00000000eab00000, 0x00000000eb400000, 0x0000000100000000)
  eden space 6144K, 99% used [0x00000000eab00000,0x00000000eb0f99a8,0x00000000eb100000)
  from space 1536K, 76% used [0x00000000eb280000,0x00000000eb3a4e18,0x00000000eb400000)
  to   space 1536K, 0% used [0x00000000eb100000,0x00000000eb100000,0x00000000eb280000)
 ParOldGen       total 139264K, used 126800K [0x00000000c0000000, 0x00000000c8800000, 0x00000000eab00000)
  object space 139264K, 91% used [0x00000000c0000000,0x00000000c7bd4128,0x00000000c8800000)
 Metaspace       used 60890K, committed 61952K, reserved 1105920K
  class space    used 6575K, committed 7040K, reserved 1048576K
}
Event: 27.933 GC heap after
{Heap after GC invocations=93 (full 5):
 PSYoungGen      total 7680K, used 1224K [0x00000000eab00000, 0x00000000eb400000, 0x0000000100000000)
  eden space 6144K, 0% used [0x00000000eab00000,0x00000000eab00000,0x00000000eb100000)
  from space 1536K, 79% used [0x00000000eb100000,0x00000000eb232088,0x00000000eb280000)
  to   space 1536K, 0% used [0x00000000eb280000,0x00000000eb280000,0x00000000eb400000)
 ParOldGen       total 139264K, used 127929K [0x00000000c0000000, 0x00000000c8800000, 0x00000000eab00000)
  object space 139264K, 91% used [0x00000000c0000000,0x00000000c7cee5b0,0x00000000c8800000)
 Metaspace       used 60890K, committed 61952K, reserved 1105920K
  class space    used 6575K, committed 7040K, reserved 1048576K
}
Event: 27.990 GC heap before
{Heap before GC invocations=94 (full 5):
 PSYoungGen      total 7680K, used 7368K [0x00000000eab00000, 0x00000000eb400000, 0x0000000100000000)
  eden space 6144K, 100% used [0x00000000eab00000,0x00000000eb100000,0x00000000eb100000)
  from space 1536K, 79% used [0x00000000eb100000,0x00000000eb232088,0x00000000eb280000)
  to   space 1536K, 0% used [0x00000000eb280000,0x00000000eb280000,0x00000000eb400000)
 ParOldGen       total 139264K, used 127929K [0x00000000c0000000, 0x00000000c8800000, 0x00000000eab00000)
  object space 139264K, 91% used [0x00000000c0000000,0x00000000c7cee5b0,0x00000000c8800000)
 Metaspace       used 60929K, committed 62016K, reserved 1105920K
  class space    used 6583K, committed 7040K, reserved 1048576K
}
Event: 27.994 GC heap after
{Heap after GC invocations=94 (full 5):
 PSYoungGen      total 7680K, used 1240K [0x00000000eab00000, 0x00000000eb400000, 0x0000000100000000)
  eden space 6144K, 0% used [0x00000000eab00000,0x00000000eab00000,0x00000000eb100000)
  from space 1536K, 80% used [0x00000000eb280000,0x00000000eb3b63c0,0x00000000eb400000)
  to   space 1536K, 0% used [0x00000000eb100000,0x00000000eb100000,0x00000000eb280000)
 ParOldGen       total 139264K, used 129032K [0x00000000c0000000, 0x00000000c8800000, 0x00000000eab00000)
  object space 139264K, 92% used [0x00000000c0000000,0x00000000c7e02200,0x00000000c8800000)
 Metaspace       used 60929K, committed 62016K, reserved 1105920K
  class space    used 6583K, committed 7040K, reserved 1048576K
}
Event: 28.049 GC heap before
{Heap before GC invocations=95 (full 5):
 PSYoungGen      total 7680K, used 7384K [0x00000000eab00000, 0x00000000eb400000, 0x0000000100000000)
  eden space 6144K, 100% used [0x00000000eab00000,0x00000000eb100000,0x00000000eb100000)
  from space 1536K, 80% used [0x00000000eb280000,0x00000000eb3b63c0,0x00000000eb400000)
  to   space 1536K, 0% used [0x00000000eb100000,0x00000000eb100000,0x00000000eb280000)
 ParOldGen       total 139264K, used 129032K [0x00000000c0000000, 0x00000000c8800000, 0x00000000eab00000)
  object space 139264K, 92% used [0x00000000c0000000,0x00000000c7e02200,0x00000000c8800000)
 Metaspace       used 60978K, committed 62016K, reserved 1105920K
  class space    used 6590K, committed 7040K, reserved 1048576K
}
Event: 28.052 GC heap after
{Heap after GC invocations=95 (full 5):
 PSYoungGen      total 7680K, used 1289K [0x00000000eab00000, 0x00000000eb400000, 0x0000000100000000)
  eden space 6144K, 0% used [0x00000000eab00000,0x00000000eab00000,0x00000000eb100000)
  from space 1536K, 83% used [0x00000000eb100000,0x00000000eb2425a8,0x00000000eb280000)
  to   space 1536K, 0% used [0x00000000eb280000,0x00000000eb280000,0x00000000eb400000)
 ParOldGen       total 139264K, used 130210K [0x00000000c0000000, 0x00000000c8800000, 0x00000000eab00000)
  object space 139264K, 93% used [0x00000000c0000000,0x00000000c7f288a0,0x00000000c8800000)
 Metaspace       used 60978K, committed 62016K, reserved 1105920K
  class space    used 6590K, committed 7040K, reserved 1048576K
}
Event: 28.110 GC heap before
{Heap before GC invocations=96 (full 5):
 PSYoungGen      total 7680K, used 7433K [0x00000000eab00000, 0x00000000eb400000, 0x0000000100000000)
  eden space 6144K, 100% used [0x00000000eab00000,0x00000000eb100000,0x00000000eb100000)
  from space 1536K, 83% used [0x00000000eb100000,0x00000000eb2425a8,0x00000000eb280000)
  to   space 1536K, 0% used [0x00000000eb280000,0x00000000eb280000,0x00000000eb400000)
 ParOldGen       total 139264K, used 130210K [0x00000000c0000000, 0x00000000c8800000, 0x00000000eab00000)
  object space 139264K, 93% used [0x00000000c0000000,0x00000000c7f288a0,0x00000000c8800000)
 Metaspace       used 61021K, committed 62080K, reserved 1105920K
  class space    used 6595K, committed 7040K, reserved 1048576K
}
Event: 28.113 GC heap after
{Heap after GC invocations=96 (full 5):
 PSYoungGen      total 7680K, used 1284K [0x00000000eab00000, 0x00000000eb400000, 0x0000000100000000)
  eden space 6144K, 0% used [0x00000000eab00000,0x00000000eab00000,0x00000000eb100000)
  from space 1536K, 83% used [0x00000000eb280000,0x00000000eb3c13d0,0x00000000eb400000)
  to   space 1536K, 0% used [0x00000000eb100000,0x00000000eb100000,0x00000000eb280000)
 ParOldGen       total 139264K, used 131429K [0x00000000c0000000, 0x00000000c8800000, 0x00000000eab00000)
  object space 139264K, 94% used [0x00000000c0000000,0x00000000c8059680,0x00000000c8800000)
 Metaspace       used 61021K, committed 62080K, reserved 1105920K
  class space    used 6595K, committed 7040K, reserved 1048576K
}
Event: 28.181 GC heap before
{Heap before GC invocations=97 (full 5):
 PSYoungGen      total 7680K, used 7428K [0x00000000eab00000, 0x00000000eb400000, 0x0000000100000000)
  eden space 6144K, 100% used [0x00000000eab00000,0x00000000eb100000,0x00000000eb100000)
  from space 1536K, 83% used [0x00000000eb280000,0x00000000eb3c13d0,0x00000000eb400000)
  to   space 1536K, 0% used [0x00000000eb100000,0x00000000eb100000,0x00000000eb280000)
 ParOldGen       total 139264K, used 131429K [0x00000000c0000000, 0x00000000c8800000, 0x00000000eab00000)
  object space 139264K, 94% used [0x00000000c0000000,0x00000000c8059680,0x00000000c8800000)
 Metaspace       used 61082K, committed 62144K, reserved 1105920K
  class space    used 6599K, committed 7040K, reserved 1048576K
}
Event: 28.185 GC heap after
{Heap after GC invocations=97 (full 5):
 PSYoungGen      total 7680K, used 1428K [0x00000000eab00000, 0x00000000eb400000, 0x0000000100000000)
  eden space 6144K, 0% used [0x00000000eab00000,0x00000000eab00000,0x00000000eb100000)
  from space 1536K, 93% used [0x00000000eb100000,0x00000000eb2653d8,0x00000000eb280000)
  to   space 1536K, 0% used [0x00000000eb280000,0x00000000eb280000,0x00000000eb400000)
 ParOldGen       total 139264K, used 132604K [0x00000000c0000000, 0x00000000c8800000, 0x00000000eab00000)
  object space 139264K, 95% used [0x00000000c0000000,0x00000000c817f068,0x00000000c8800000)
 Metaspace       used 61082K, committed 62144K, reserved 1105920K
  class space    used 6599K, committed 7040K, reserved 1048576K
}
Event: 28.372 GC heap before
{Heap before GC invocations=98 (full 5):
 PSYoungGen      total 7680K, used 7572K [0x00000000eab00000, 0x00000000eb400000, 0x0000000100000000)
  eden space 6144K, 100% used [0x00000000eab00000,0x00000000eb100000,0x00000000eb100000)
  from space 1536K, 93% used [0x00000000eb100000,0x00000000eb2653d8,0x00000000eb280000)
  to   space 1536K, 0% used [0x00000000eb280000,0x00000000eb280000,0x00000000eb400000)
 ParOldGen       total 139264K, used 132604K [0x00000000c0000000, 0x00000000c8800000, 0x00000000eab00000)
  object space 139264K, 95% used [0x00000000c0000000,0x00000000c817f068,0x00000000c8800000)
 Metaspace       used 61249K, committed 62272K, reserved 1105920K
  class space    used 6611K, committed 7040K, reserved 1048576K
}
Event: 28.375 GC heap after
{Heap after GC invocations=98 (full 5):
 PSYoungGen      total 7680K, used 1145K [0x00000000eab00000, 0x00000000eb400000, 0x0000000100000000)
  eden space 6144K, 0% used [0x00000000eab00000,0x00000000eab00000,0x00000000eb100000)
  from space 1536K, 74% used [0x00000000eb280000,0x00000000eb39e738,0x00000000eb400000)
  to   space 1536K, 0% used [0x00000000eb100000,0x00000000eb100000,0x00000000eb280000)
 ParOldGen       total 139264K, used 133815K [0x00000000c0000000, 0x00000000c8800000, 0x00000000eab00000)
  object space 139264K, 96% used [0x00000000c0000000,0x00000000c82add98,0x00000000c8800000)
 Metaspace       used 61249K, committed 62272K, reserved 1105920K
  class space    used 6611K, committed 7040K, reserved 1048576K
}
Event: 28.449 GC heap before
{Heap before GC invocations=99 (full 5):
 PSYoungGen      total 7680K, used 7242K [0x00000000eab00000, 0x00000000eb400000, 0x0000000100000000)
  eden space 6144K, 99% used [0x00000000eab00000,0x00000000eb0f4260,0x00000000eb100000)
  from space 1536K, 74% used [0x00000000eb280000,0x00000000eb39e738,0x00000000eb400000)
  to   space 1536K, 0% used [0x00000000eb100000,0x00000000eb100000,0x00000000eb280000)
 ParOldGen       total 139264K, used 133815K [0x00000000c0000000, 0x00000000c8800000, 0x00000000eab00000)
  object space 139264K, 96% used [0x00000000c0000000,0x00000000c82add98,0x00000000c8800000)
 Metaspace       used 61365K, committed 62400K, reserved 1105920K
  class space    used 6617K, committed 7040K, reserved 1048576K
}
Event: 28.454 GC heap after
{Heap after GC invocations=99 (full 5):
 PSYoungGen      total 7680K, used 1455K [0x00000000eab00000, 0x00000000eb400000, 0x0000000100000000)
  eden space 6144K, 0% used [0x00000000eab00000,0x00000000eab00000,0x00000000eb100000)
  from space 1536K, 94% used [0x00000000eb100000,0x00000000eb26be48,0x00000000eb280000)
  to   space 1536K, 0% used [0x00000000eb280000,0x00000000eb280000,0x00000000eb400000)
 ParOldGen       total 139264K, used 134807K [0x00000000c0000000, 0x00000000c8800000, 0x00000000eab00000)
  object space 139264K, 96% used [0x00000000c0000000,0x00000000c83a5d18,0x00000000c8800000)
 Metaspace       used 61365K, committed 62400K, reserved 1105920K
  class space    used 6617K, committed 7040K, reserved 1048576K
}
Event: 28.561 GC heap before
{Heap before GC invocations=100 (full 5):
 PSYoungGen      total 7680K, used 7592K [0x00000000eab00000, 0x00000000eb400000, 0x0000000100000000)
  eden space 6144K, 99% used [0x00000000eab00000,0x00000000eb0fe488,0x00000000eb100000)
  from space 1536K, 94% used [0x00000000eb100000,0x00000000eb26be48,0x00000000eb280000)
  to   space 1536K, 0% used [0x00000000eb280000,0x00000000eb280000,0x00000000eb400000)
 ParOldGen       total 139264K, used 134807K [0x00000000c0000000, 0x00000000c8800000, 0x00000000eab00000)
  object space 139264K, 96% used [0x00000000c0000000,0x00000000c83a5d18,0x00000000c8800000)
 Metaspace       used 61421K, committed 62464K, reserved 1105920K
  class space    used 6625K, committed 7104K, reserved 1048576K
}
Event: 28.567 GC heap after
{Heap after GC invocations=100 (full 5):
 PSYoungGen      total 7680K, used 1253K [0x00000000eab00000, 0x00000000eb400000, 0x0000000100000000)
  eden space 6144K, 0% used [0x00000000eab00000,0x00000000eab00000,0x00000000eb100000)
  from space 1536K, 81% used [0x00000000eb280000,0x00000000eb3b9538,0x00000000eb400000)
  to   space 1536K, 0% used [0x00000000eb100000,0x00000000eb100000,0x00000000eb280000)
 ParOldGen       total 139264K, used 136138K [0x00000000c0000000, 0x00000000c8800000, 0x00000000eab00000)
  object space 139264K, 97% used [0x00000000c0000000,0x00000000c84f2ae8,0x00000000c8800000)
 Metaspace       used 61421K, committed 62464K, reserved 1105920K
  class space    used 6625K, committed 7104K, reserved 1048576K
}
Event: 28.718 GC heap before
{Heap before GC invocations=101 (full 5):
 PSYoungGen      total 7680K, used 7397K [0x00000000eab00000, 0x00000000eb400000, 0x0000000100000000)
  eden space 6144K, 100% used [0x00000000eab00000,0x00000000eb100000,0x00000000eb100000)
  from space 1536K, 81% used [0x00000000eb280000,0x00000000eb3b9538,0x00000000eb400000)
  to   space 1536K, 0% used [0x00000000eb100000,0x00000000eb100000,0x00000000eb280000)
 ParOldGen       total 139264K, used 136138K [0x00000000c0000000, 0x00000000c8800000, 0x00000000eab00000)
  object space 139264K, 97% used [0x00000000c0000000,0x00000000c84f2ae8,0x00000000c8800000)
 Metaspace       used 61522K, committed 62656K, reserved 1105920K
  class space    used 6641K, committed 7104K, reserved 1048576K
}
Event: 28.722 GC heap after
{Heap after GC invocations=101 (full 5):
 PSYoungGen      total 7680K, used 916K [0x00000000eab00000, 0x00000000eb400000, 0x0000000100000000)
  eden space 6144K, 0% used [0x00000000eab00000,0x00000000eab00000,0x00000000eb100000)
  from space 1536K, 59% used [0x00000000eb100000,0x00000000eb1e5170,0x00000000eb280000)
  to   space 1536K, 0% used [0x00000000eb280000,0x00000000eb280000,0x00000000eb400000)
 ParOldGen       total 139264K, used 137309K [0x00000000c0000000, 0x00000000c8800000, 0x00000000eab00000)
  object space 139264K, 98% used [0x00000000c0000000,0x00000000c8617698,0x00000000c8800000)
 Metaspace       used 61522K, committed 62656K, reserved 1105920K
  class space    used 6641K, committed 7104K, reserved 1048576K
}
Event: 29.146 GC heap before
{Heap before GC invocations=102 (full 5):
 PSYoungGen      total 7680K, used 7060K [0x00000000eab00000, 0x00000000eb400000, 0x0000000100000000)
  eden space 6144K, 100% used [0x00000000eab00000,0x00000000eb100000,0x00000000eb100000)
  from space 1536K, 59% used [0x00000000eb100000,0x00000000eb1e5170,0x00000000eb280000)
  to   space 1536K, 0% used [0x00000000eb280000,0x00000000eb280000,0x00000000eb400000)
 ParOldGen       total 139264K, used 137309K [0x00000000c0000000, 0x00000000c8800000, 0x00000000eab00000)
  object space 139264K, 98% used [0x00000000c0000000,0x00000000c8617698,0x00000000c8800000)
 Metaspace       used 61914K, committed 62976K, reserved 1105920K
  class space    used 6674K, committed 7104K, reserved 1048576K
}
Event: 29.151 GC heap after
{Heap after GC invocations=102 (full 5):
 PSYoungGen      total 7168K, used 518K [0x00000000eab00000, 0x00000000eb380000, 0x0000000100000000)
  eden space 6144K, 0% used [0x00000000eab00000,0x00000000eab00000,0x00000000eb100000)
  from space 1024K, 50% used [0x00000000eb280000,0x00000000eb301830,0x00000000eb380000)
  to   space 1024K, 0% used [0x00000000eb180000,0x00000000eb180000,0x00000000eb280000)
 ParOldGen       total 139264K, used 138125K [0x00000000c0000000, 0x00000000c8800000, 0x00000000eab00000)
  object space 139264K, 99% used [0x00000000c0000000,0x00000000c86e3488,0x00000000c8800000)
 Metaspace       used 61914K, committed 62976K, reserved 1105920K
  class space    used 6674K, committed 7104K, reserved 1048576K
}

